{"level":"info","message":"Server started on port 5000"}
{"level":"info","message":"Server started on port 5000"}
{"level":"info","message":"Server started on port 5000"}
{"level":"info","message":"Fetched deposits:"}
{"level":"info","message":"Server started on port 5000"}
{"level":"info","message":"Fetched deposits:"}
{"level":"info","message":"Server started on port 5000"}
{"level":"info","message":"Server started on port 5000"}
{"level":"info","message":"Fetched deposits:"}
{"level":"info","message":"Server started on port 5000"}
{"level":"info","message":"Fetched deposits:"}
{"level":"info","message":"Server started on port 5000"}
{"level":"info","message":"Fetched deposits:"}
{"level":"info","message":"Server started on port 5000"}
{"level":"info","message":"Fetched deposits:"}
{"level":"info","message":"Server started on port 5000"}
{"0":{"__v":0,"_id":"66dfef3682326407c223fb51","blockNumber":19717272,"blockTimestamp":"2024-04-23T09:43:23.000Z","fee":"9612101177","hash":"0x53c98c3371014fd54275ebc90a6e42dffa2eee427915cab5f80f1e3e9c64eba4"},"1":{"__v":0,"_id":"66dff06ab349ab4c7cc3713f","blockNumber":19717272,"blockTimestamp":"2024-04-23T09:43:23.000Z","fee":"9612101177","hash":"0x53c98c3371014fd54275ebc90a6e42dffa2eee427915cab5f80f1e3e9c64eba4"},"level":"info","message":"Fetched deposits:"}
{"level":"info","message":"Server started on port 5000"}
{"0":{"__v":0,"_id":"66dfef3682326407c223fb51","blockNumber":19717272,"blockTimestamp":"2024-04-23T09:43:23.000Z","fee":"9612101177","hash":"0x53c98c3371014fd54275ebc90a6e42dffa2eee427915cab5f80f1e3e9c64eba4"},"1":{"__v":0,"_id":"66dff06ab349ab4c7cc3713f","blockNumber":19717272,"blockTimestamp":"2024-04-23T09:43:23.000Z","fee":"9612101177","hash":"0x53c98c3371014fd54275ebc90a6e42dffa2eee427915cab5f80f1e3e9c64eba4"},"level":"info","message":"Fetched deposits:"}
{"0":{"__v":0,"_id":"66dfef3682326407c223fb51","blockNumber":19717272,"blockTimestamp":"2024-04-23T09:43:23.000Z","fee":"9612101177","hash":"0x53c98c3371014fd54275ebc90a6e42dffa2eee427915cab5f80f1e3e9c64eba4"},"1":{"__v":0,"_id":"66dff06ab349ab4c7cc3713f","blockNumber":19717272,"blockTimestamp":"2024-04-23T09:43:23.000Z","fee":"9612101177","hash":"0x53c98c3371014fd54275ebc90a6e42dffa2eee427915cab5f80f1e3e9c64eba4"},"level":"info","message":"Fetched deposits:"}
{"level":"info","message":"Server started on port 5000"}
{"level":"info","message":"Server started on port 5000"}
{"level":"info","message":"Server started on port 5000"}
{"level":"error","message":"Error polling for deposits: infuraProvider.getBlockWithTransactions is not a function","stack":"TypeError: infuraProvider.getBlockWithTransactions is not a function\n    at Timeout._onTimeout (C:\\Users\\kumar\\Desktop\\Ethereum Deposit Tracker\\backend\\index.js:225:56)\n    at process.processTicksAndRejections (node:internal/process/task_queues:95:5)"}
{"level":"error","message":"Error polling for deposits: infuraProvider.getBlockWithTransactions is not a function","stack":"TypeError: infuraProvider.getBlockWithTransactions is not a function\n    at Timeout._onTimeout (C:\\Users\\kumar\\Desktop\\Ethereum Deposit Tracker\\backend\\index.js:225:56)\n    at process.processTicksAndRejections (node:internal/process/task_queues:95:5)"}
{"level":"error","message":"Error polling for deposits: infuraProvider.getBlockWithTransactions is not a function","stack":"TypeError: infuraProvider.getBlockWithTransactions is not a function\n    at Timeout._onTimeout (C:\\Users\\kumar\\Desktop\\Ethereum Deposit Tracker\\backend\\index.js:225:56)\n    at process.processTicksAndRejections (node:internal/process/task_queues:95:5)"}
{"level":"error","message":"Error polling for deposits: infuraProvider.getBlockWithTransactions is not a function","stack":"TypeError: infuraProvider.getBlockWithTransactions is not a function\n    at Timeout._onTimeout (C:\\Users\\kumar\\Desktop\\Ethereum Deposit Tracker\\backend\\index.js:225:56)\n    at process.processTicksAndRejections (node:internal/process/task_queues:95:5)"}
{"level":"info","message":"Fetched deposits:"}
{"level":"error","message":"Error polling for deposits: infuraProvider.getBlockWithTransactions is not a function","stack":"TypeError: infuraProvider.getBlockWithTransactions is not a function\n    at Timeout._onTimeout (C:\\Users\\kumar\\Desktop\\Ethereum Deposit Tracker\\backend\\index.js:225:56)\n    at process.processTicksAndRejections (node:internal/process/task_queues:95:5)"}
{"level":"error","message":"Error polling for deposits: infuraProvider.getBlockWithTransactions is not a function","stack":"TypeError: infuraProvider.getBlockWithTransactions is not a function\n    at Timeout._onTimeout (C:\\Users\\kumar\\Desktop\\Ethereum Deposit Tracker\\backend\\index.js:225:56)\n    at process.processTicksAndRejections (node:internal/process/task_queues:95:5)"}
{"level":"error","message":"Error polling for deposits: infuraProvider.getBlockWithTransactions is not a function","stack":"TypeError: infuraProvider.getBlockWithTransactions is not a function\n    at Timeout._onTimeout (C:\\Users\\kumar\\Desktop\\Ethereum Deposit Tracker\\backend\\index.js:225:56)\n    at process.processTicksAndRejections (node:internal/process/task_queues:95:5)"}
{"level":"error","message":"Error polling for deposits: infuraProvider.getBlockWithTransactions is not a function","stack":"TypeError: infuraProvider.getBlockWithTransactions is not a function\n    at Timeout._onTimeout (C:\\Users\\kumar\\Desktop\\Ethereum Deposit Tracker\\backend\\index.js:225:56)\n    at process.processTicksAndRejections (node:internal/process/task_queues:95:5)"}
{"level":"error","message":"Error polling for deposits: infuraProvider.getBlockWithTransactions is not a function","stack":"TypeError: infuraProvider.getBlockWithTransactions is not a function\n    at Timeout._onTimeout (C:\\Users\\kumar\\Desktop\\Ethereum Deposit Tracker\\backend\\index.js:225:56)\n    at process.processTicksAndRejections (node:internal/process/task_queues:95:5)"}
{"level":"error","message":"Error polling for deposits: infuraProvider.getBlockWithTransactions is not a function","stack":"TypeError: infuraProvider.getBlockWithTransactions is not a function\n    at Timeout._onTimeout (C:\\Users\\kumar\\Desktop\\Ethereum Deposit Tracker\\backend\\index.js:225:56)\n    at process.processTicksAndRejections (node:internal/process/task_queues:95:5)"}
{"level":"error","message":"Error polling for deposits: infuraProvider.getBlockWithTransactions is not a function","stack":"TypeError: infuraProvider.getBlockWithTransactions is not a function\n    at Timeout._onTimeout (C:\\Users\\kumar\\Desktop\\Ethereum Deposit Tracker\\backend\\index.js:225:56)\n    at process.processTicksAndRejections (node:internal/process/task_queues:95:5)"}
{"level":"error","message":"Error polling for deposits: infuraProvider.getBlockWithTransactions is not a function","stack":"TypeError: infuraProvider.getBlockWithTransactions is not a function\n    at Timeout._onTimeout (C:\\Users\\kumar\\Desktop\\Ethereum Deposit Tracker\\backend\\index.js:225:56)\n    at process.processTicksAndRejections (node:internal/process/task_queues:95:5)"}
{"level":"error","message":"Error polling for deposits: infuraProvider.getBlockWithTransactions is not a function","stack":"TypeError: infuraProvider.getBlockWithTransactions is not a function\n    at Timeout._onTimeout (C:\\Users\\kumar\\Desktop\\Ethereum Deposit Tracker\\backend\\index.js:225:56)\n    at process.processTicksAndRejections (node:internal/process/task_queues:95:5)"}
{"level":"error","message":"Error polling for deposits: infuraProvider.getBlockWithTransactions is not a function","stack":"TypeError: infuraProvider.getBlockWithTransactions is not a function\n    at Timeout._onTimeout (C:\\Users\\kumar\\Desktop\\Ethereum Deposit Tracker\\backend\\index.js:225:56)\n    at process.processTicksAndRejections (node:internal/process/task_queues:95:5)"}
{"level":"error","message":"Error polling for deposits: infuraProvider.getBlockWithTransactions is not a function","stack":"TypeError: infuraProvider.getBlockWithTransactions is not a function\n    at Timeout._onTimeout (C:\\Users\\kumar\\Desktop\\Ethereum Deposit Tracker\\backend\\index.js:225:56)\n    at process.processTicksAndRejections (node:internal/process/task_queues:95:5)"}
{"level":"info","message":"Server started on port 5000"}
{"level":"info","message":"Fetched deposits:"}
{"level":"error","message":"Error polling for deposits: infuraProvider.getBlockWithTransactions is not a function","stack":"TypeError: infuraProvider.getBlockWithTransactions is not a function\n    at Timeout._onTimeout (C:\\Users\\kumar\\Desktop\\Ethereum Deposit Tracker\\backend\\index.js:225:56)\n    at process.processTicksAndRejections (node:internal/process/task_queues:95:5)"}
{"level":"error","message":"Error polling for deposits: infuraProvider.getBlockWithTransactions is not a function","stack":"TypeError: infuraProvider.getBlockWithTransactions is not a function\n    at Timeout._onTimeout (C:\\Users\\kumar\\Desktop\\Ethereum Deposit Tracker\\backend\\index.js:225:56)\n    at process.processTicksAndRejections (node:internal/process/task_queues:95:5)"}
{"level":"error","message":"Error polling for deposits: infuraProvider.getBlockWithTransactions is not a function","stack":"TypeError: infuraProvider.getBlockWithTransactions is not a function\n    at Timeout._onTimeout (C:\\Users\\kumar\\Desktop\\Ethereum Deposit Tracker\\backend\\index.js:225:56)\n    at process.processTicksAndRejections (node:internal/process/task_queues:95:5)"}
{"level":"error","message":"Error polling for deposits: infuraProvider.getBlockWithTransactions is not a function","stack":"TypeError: infuraProvider.getBlockWithTransactions is not a function\n    at Timeout._onTimeout (C:\\Users\\kumar\\Desktop\\Ethereum Deposit Tracker\\backend\\index.js:225:56)\n    at process.processTicksAndRejections (node:internal/process/task_queues:95:5)"}
{"level":"info","message":"Server started on port 5000"}
{"level":"info","message":"Fetched deposits:"}
{"level":"error","message":"Error polling for deposits: infuraProvider.getBlockWithTransactions is not a function","stack":"TypeError: infuraProvider.getBlockWithTransactions is not a function\n    at Timeout._onTimeout (C:\\Users\\kumar\\Desktop\\Ethereum Deposit Tracker\\backend\\index.js:225:56)\n    at process.processTicksAndRejections (node:internal/process/task_queues:95:5)"}
{"level":"error","message":"Error polling for deposits: infuraProvider.getBlockWithTransactions is not a function","stack":"TypeError: infuraProvider.getBlockWithTransactions is not a function\n    at Timeout._onTimeout (C:\\Users\\kumar\\Desktop\\Ethereum Deposit Tracker\\backend\\index.js:225:56)\n    at process.processTicksAndRejections (node:internal/process/task_queues:95:5)"}
{"level":"error","message":"Error polling for deposits: infuraProvider.getBlockWithTransactions is not a function","stack":"TypeError: infuraProvider.getBlockWithTransactions is not a function\n    at Timeout._onTimeout (C:\\Users\\kumar\\Desktop\\Ethereum Deposit Tracker\\backend\\index.js:225:56)\n    at process.processTicksAndRejections (node:internal/process/task_queues:95:5)"}
{"level":"error","message":"Error polling for deposits: infuraProvider.getBlockWithTransactions is not a function","stack":"TypeError: infuraProvider.getBlockWithTransactions is not a function\n    at Timeout._onTimeout (C:\\Users\\kumar\\Desktop\\Ethereum Deposit Tracker\\backend\\index.js:225:56)\n    at process.processTicksAndRejections (node:internal/process/task_queues:95:5)"}
{"level":"error","message":"Error polling for deposits: infuraProvider.getBlockWithTransactions is not a function","stack":"TypeError: infuraProvider.getBlockWithTransactions is not a function\n    at Timeout._onTimeout (C:\\Users\\kumar\\Desktop\\Ethereum Deposit Tracker\\backend\\index.js:225:56)\n    at process.processTicksAndRejections (node:internal/process/task_queues:95:5)"}
{"level":"error","message":"Error polling for deposits: infuraProvider.getBlockWithTransactions is not a function","stack":"TypeError: infuraProvider.getBlockWithTransactions is not a function\n    at Timeout._onTimeout (C:\\Users\\kumar\\Desktop\\Ethereum Deposit Tracker\\backend\\index.js:225:56)\n    at process.processTicksAndRejections (node:internal/process/task_queues:95:5)"}
{"level":"error","message":"Error polling for deposits: infuraProvider.getBlockWithTransactions is not a function","stack":"TypeError: infuraProvider.getBlockWithTransactions is not a function\n    at Timeout._onTimeout (C:\\Users\\kumar\\Desktop\\Ethereum Deposit Tracker\\backend\\index.js:225:56)\n    at process.processTicksAndRejections (node:internal/process/task_queues:95:5)"}
{"level":"error","message":"Error polling for deposits: infuraProvider.getBlockWithTransactions is not a function","stack":"TypeError: infuraProvider.getBlockWithTransactions is not a function\n    at Timeout._onTimeout (C:\\Users\\kumar\\Desktop\\Ethereum Deposit Tracker\\backend\\index.js:225:56)\n    at process.processTicksAndRejections (node:internal/process/task_queues:95:5)"}
{"level":"info","message":"Server started on port 5000"}
{"level":"info","message":"Fetched deposits:"}
{"level":"error","message":"Error polling for deposits: infuraProvider.getBlockWithTransactions is not a function","stack":"TypeError: infuraProvider.getBlockWithTransactions is not a function\n    at Timeout._onTimeout (C:\\Users\\kumar\\Desktop\\Ethereum Deposit Tracker\\backend\\index.js:228:56)\n    at process.processTicksAndRejections (node:internal/process/task_queues:95:5)"}
{"level":"error","message":"Error polling for deposits: infuraProvider.getBlockWithTransactions is not a function","stack":"TypeError: infuraProvider.getBlockWithTransactions is not a function\n    at Timeout._onTimeout (C:\\Users\\kumar\\Desktop\\Ethereum Deposit Tracker\\backend\\index.js:228:56)\n    at process.processTicksAndRejections (node:internal/process/task_queues:95:5)"}
{"level":"error","message":"Error polling for deposits: infuraProvider.getBlockWithTransactions is not a function","stack":"TypeError: infuraProvider.getBlockWithTransactions is not a function\n    at Timeout._onTimeout (C:\\Users\\kumar\\Desktop\\Ethereum Deposit Tracker\\backend\\index.js:228:56)\n    at process.processTicksAndRejections (node:internal/process/task_queues:95:5)"}
{"level":"error","message":"Error polling for deposits: infuraProvider.getBlockWithTransactions is not a function","stack":"TypeError: infuraProvider.getBlockWithTransactions is not a function\n    at Timeout._onTimeout (C:\\Users\\kumar\\Desktop\\Ethereum Deposit Tracker\\backend\\index.js:228:56)\n    at process.processTicksAndRejections (node:internal/process/task_queues:95:5)"}
{"level":"error","message":"Error polling for deposits: infuraProvider.getBlockWithTransactions is not a function","stack":"TypeError: infuraProvider.getBlockWithTransactions is not a function\n    at Timeout._onTimeout (C:\\Users\\kumar\\Desktop\\Ethereum Deposit Tracker\\backend\\index.js:228:56)\n    at process.processTicksAndRejections (node:internal/process/task_queues:95:5)"}
{"level":"error","message":"Error polling for deposits: infuraProvider.getBlockWithTransactions is not a function","stack":"TypeError: infuraProvider.getBlockWithTransactions is not a function\n    at Timeout._onTimeout (C:\\Users\\kumar\\Desktop\\Ethereum Deposit Tracker\\backend\\index.js:228:56)\n    at process.processTicksAndRejections (node:internal/process/task_queues:95:5)"}
{"level":"error","message":"Error polling for deposits: infuraProvider.getBlockWithTransactions is not a function","stack":"TypeError: infuraProvider.getBlockWithTransactions is not a function\n    at Timeout._onTimeout (C:\\Users\\kumar\\Desktop\\Ethereum Deposit Tracker\\backend\\index.js:228:56)\n    at process.processTicksAndRejections (node:internal/process/task_queues:95:5)"}
{"level":"info","message":"Server started on port 5000"}
{"level":"error","message":"Error polling for deposits: infuraProvider.getBlockWithTransactions is not a function","stack":"TypeError: infuraProvider.getBlockWithTransactions is not a function\n    at Timeout._onTimeout (C:\\Users\\kumar\\Desktop\\Ethereum Deposit Tracker\\backend\\index.js:228:56)\n    at process.processTicksAndRejections (node:internal/process/task_queues:95:5)"}
{"level":"error","message":"Error polling for deposits: infuraProvider.getBlockWithTransactions is not a function","stack":"TypeError: infuraProvider.getBlockWithTransactions is not a function\n    at Timeout._onTimeout (C:\\Users\\kumar\\Desktop\\Ethereum Deposit Tracker\\backend\\index.js:228:56)\n    at process.processTicksAndRejections (node:internal/process/task_queues:95:5)"}
{"level":"error","message":"Error polling for deposits: infuraProvider.getBlockWithTransactions is not a function","stack":"TypeError: infuraProvider.getBlockWithTransactions is not a function\n    at Timeout._onTimeout (C:\\Users\\kumar\\Desktop\\Ethereum Deposit Tracker\\backend\\index.js:228:56)\n    at process.processTicksAndRejections (node:internal/process/task_queues:95:5)"}
{"level":"error","message":"Error polling for deposits: infuraProvider.getBlockWithTransactions is not a function","stack":"TypeError: infuraProvider.getBlockWithTransactions is not a function\n    at Timeout._onTimeout (C:\\Users\\kumar\\Desktop\\Ethereum Deposit Tracker\\backend\\index.js:228:56)\n    at process.processTicksAndRejections (node:internal/process/task_queues:95:5)"}
{"level":"error","message":"Error polling for deposits: infuraProvider.getBlockWithTransactions is not a function","stack":"TypeError: infuraProvider.getBlockWithTransactions is not a function\n    at Timeout._onTimeout (C:\\Users\\kumar\\Desktop\\Ethereum Deposit Tracker\\backend\\index.js:228:56)\n    at process.processTicksAndRejections (node:internal/process/task_queues:95:5)"}
{"level":"error","message":"Error polling for deposits: infuraProvider.getBlockWithTransactions is not a function","stack":"TypeError: infuraProvider.getBlockWithTransactions is not a function\n    at Timeout._onTimeout (C:\\Users\\kumar\\Desktop\\Ethereum Deposit Tracker\\backend\\index.js:228:56)\n    at process.processTicksAndRejections (node:internal/process/task_queues:95:5)"}
{"level":"error","message":"Error polling for deposits: infuraProvider.getBlockWithTransactions is not a function","stack":"TypeError: infuraProvider.getBlockWithTransactions is not a function\n    at Timeout._onTimeout (C:\\Users\\kumar\\Desktop\\Ethereum Deposit Tracker\\backend\\index.js:228:56)\n    at process.processTicksAndRejections (node:internal/process/task_queues:95:5)"}
{"level":"error","message":"Error polling for deposits: infuraProvider.getBlockWithTransactions is not a function","stack":"TypeError: infuraProvider.getBlockWithTransactions is not a function\n    at Timeout._onTimeout (C:\\Users\\kumar\\Desktop\\Ethereum Deposit Tracker\\backend\\index.js:228:56)\n    at process.processTicksAndRejections (node:internal/process/task_queues:95:5)"}
{"level":"info","message":"Fetched deposits:"}
{"level":"error","message":"Error polling for deposits: infuraProvider.getBlockWithTransactions is not a function","stack":"TypeError: infuraProvider.getBlockWithTransactions is not a function\n    at Timeout._onTimeout (C:\\Users\\kumar\\Desktop\\Ethereum Deposit Tracker\\backend\\index.js:228:56)\n    at process.processTicksAndRejections (node:internal/process/task_queues:95:5)"}
{"level":"error","message":"Error polling for deposits: infuraProvider.getBlockWithTransactions is not a function","stack":"TypeError: infuraProvider.getBlockWithTransactions is not a function\n    at Timeout._onTimeout (C:\\Users\\kumar\\Desktop\\Ethereum Deposit Tracker\\backend\\index.js:228:56)\n    at process.processTicksAndRejections (node:internal/process/task_queues:95:5)"}
{"level":"error","message":"Error polling for deposits: infuraProvider.getBlockWithTransactions is not a function","stack":"TypeError: infuraProvider.getBlockWithTransactions is not a function\n    at Timeout._onTimeout (C:\\Users\\kumar\\Desktop\\Ethereum Deposit Tracker\\backend\\index.js:228:56)\n    at process.processTicksAndRejections (node:internal/process/task_queues:95:5)"}
{"level":"error","message":"Error polling for deposits: infuraProvider.getBlockWithTransactions is not a function","stack":"TypeError: infuraProvider.getBlockWithTransactions is not a function\n    at Timeout._onTimeout (C:\\Users\\kumar\\Desktop\\Ethereum Deposit Tracker\\backend\\index.js:228:56)\n    at process.processTicksAndRejections (node:internal/process/task_queues:95:5)"}
{"level":"error","message":"Error polling for deposits: infuraProvider.getBlockWithTransactions is not a function","stack":"TypeError: infuraProvider.getBlockWithTransactions is not a function\n    at Timeout._onTimeout (C:\\Users\\kumar\\Desktop\\Ethereum Deposit Tracker\\backend\\index.js:228:56)\n    at process.processTicksAndRejections (node:internal/process/task_queues:95:5)"}
{"level":"info","message":"Server started on port 5000"}
{"level":"warn","message":"No deposits found in the database."}
{"level":"error","message":"Error polling for deposits: infuraProvider.getBlockWithTransactions is not a function","stack":"TypeError: infuraProvider.getBlockWithTransactions is not a function\n    at Timeout._onTimeout (C:\\Users\\kumar\\Desktop\\Ethereum Deposit Tracker\\backend\\index.js:233:56)\n    at process.processTicksAndRejections (node:internal/process/task_queues:95:5)"}
{"level":"error","message":"Error polling for deposits: infuraProvider.getBlockWithTransactions is not a function","stack":"TypeError: infuraProvider.getBlockWithTransactions is not a function\n    at Timeout._onTimeout (C:\\Users\\kumar\\Desktop\\Ethereum Deposit Tracker\\backend\\index.js:233:56)\n    at process.processTicksAndRejections (node:internal/process/task_queues:95:5)"}
{"level":"error","message":"Error polling for deposits: infuraProvider.getBlockWithTransactions is not a function","stack":"TypeError: infuraProvider.getBlockWithTransactions is not a function\n    at Timeout._onTimeout (C:\\Users\\kumar\\Desktop\\Ethereum Deposit Tracker\\backend\\index.js:233:56)\n    at process.processTicksAndRejections (node:internal/process/task_queues:95:5)"}
{"level":"error","message":"Error polling for deposits: infuraProvider.getBlockWithTransactions is not a function","stack":"TypeError: infuraProvider.getBlockWithTransactions is not a function\n    at Timeout._onTimeout (C:\\Users\\kumar\\Desktop\\Ethereum Deposit Tracker\\backend\\index.js:233:56)\n    at process.processTicksAndRejections (node:internal/process/task_queues:95:5)"}
{"level":"error","message":"Error polling for deposits: infuraProvider.getBlockWithTransactions is not a function","stack":"TypeError: infuraProvider.getBlockWithTransactions is not a function\n    at Timeout._onTimeout (C:\\Users\\kumar\\Desktop\\Ethereum Deposit Tracker\\backend\\index.js:233:56)\n    at process.processTicksAndRejections (node:internal/process/task_queues:95:5)"}
{"level":"error","message":"Error polling for deposits: infuraProvider.getBlockWithTransactions is not a function","stack":"TypeError: infuraProvider.getBlockWithTransactions is not a function\n    at Timeout._onTimeout (C:\\Users\\kumar\\Desktop\\Ethereum Deposit Tracker\\backend\\index.js:233:56)\n    at process.processTicksAndRejections (node:internal/process/task_queues:95:5)"}
{"level":"error","message":"Error polling for deposits: infuraProvider.getBlockWithTransactions is not a function","stack":"TypeError: infuraProvider.getBlockWithTransactions is not a function\n    at Timeout._onTimeout (C:\\Users\\kumar\\Desktop\\Ethereum Deposit Tracker\\backend\\index.js:233:56)\n    at process.processTicksAndRejections (node:internal/process/task_queues:95:5)"}
{"level":"error","message":"Error polling for deposits: infuraProvider.getBlockWithTransactions is not a function","stack":"TypeError: infuraProvider.getBlockWithTransactions is not a function\n    at Timeout._onTimeout (C:\\Users\\kumar\\Desktop\\Ethereum Deposit Tracker\\backend\\index.js:233:56)\n    at process.processTicksAndRejections (node:internal/process/task_queues:95:5)"}
{"level":"error","message":"Error polling for deposits: infuraProvider.getBlockWithTransactions is not a function","stack":"TypeError: infuraProvider.getBlockWithTransactions is not a function\n    at Timeout._onTimeout (C:\\Users\\kumar\\Desktop\\Ethereum Deposit Tracker\\backend\\index.js:233:56)\n    at process.processTicksAndRejections (node:internal/process/task_queues:95:5)"}
{"level":"error","message":"Error polling for deposits: infuraProvider.getBlockWithTransactions is not a function","stack":"TypeError: infuraProvider.getBlockWithTransactions is not a function\n    at Timeout._onTimeout (C:\\Users\\kumar\\Desktop\\Ethereum Deposit Tracker\\backend\\index.js:233:56)\n    at process.processTicksAndRejections (node:internal/process/task_queues:95:5)"}
{"level":"error","message":"Error polling for deposits: infuraProvider.getBlockWithTransactions is not a function","stack":"TypeError: infuraProvider.getBlockWithTransactions is not a function\n    at Timeout._onTimeout (C:\\Users\\kumar\\Desktop\\Ethereum Deposit Tracker\\backend\\index.js:233:56)\n    at process.processTicksAndRejections (node:internal/process/task_queues:95:5)"}
{"level":"error","message":"Error polling for deposits: infuraProvider.getBlockWithTransactions is not a function","stack":"TypeError: infuraProvider.getBlockWithTransactions is not a function\n    at Timeout._onTimeout (C:\\Users\\kumar\\Desktop\\Ethereum Deposit Tracker\\backend\\index.js:189:56)\n    at process.processTicksAndRejections (node:internal/process/task_queues:95:5)"}
{"level":"error","message":"Error polling for deposits: infuraProvider.getBlockWithTransactions is not a function","stack":"TypeError: infuraProvider.getBlockWithTransactions is not a function\n    at Timeout._onTimeout (C:\\Users\\kumar\\Desktop\\Ethereum Deposit Tracker\\backend\\index.js:189:56)\n    at process.processTicksAndRejections (node:internal/process/task_queues:95:5)"}
{"level":"error","message":"Error polling for deposits: infuraProvider.getBlockWithTransactions is not a function","stack":"TypeError: infuraProvider.getBlockWithTransactions is not a function\n    at Timeout._onTimeout (C:\\Users\\kumar\\Desktop\\Ethereum Deposit Tracker\\backend\\index.js:189:56)\n    at process.processTicksAndRejections (node:internal/process/task_queues:95:5)"}
{"level":"error","message":"Error polling for deposits: infuraProvider.getBlockWithTransactions is not a function","stack":"TypeError: infuraProvider.getBlockWithTransactions is not a function\n    at Timeout._onTimeout (C:\\Users\\kumar\\Desktop\\Ethereum Deposit Tracker\\backend\\index.js:189:56)\n    at process.processTicksAndRejections (node:internal/process/task_queues:95:5)"}
{"level":"error","message":"Error polling for deposits: infuraProvider.getBlockWithTransactions is not a function","stack":"TypeError: infuraProvider.getBlockWithTransactions is not a function\n    at Timeout._onTimeout (C:\\Users\\kumar\\Desktop\\Ethereum Deposit Tracker\\backend\\index.js:189:56)\n    at process.processTicksAndRejections (node:internal/process/task_queues:95:5)"}
{"level":"error","message":"Error polling for deposits: infuraProvider.getBlockWithTransactions is not a function","stack":"TypeError: infuraProvider.getBlockWithTransactions is not a function\n    at Timeout._onTimeout (C:\\Users\\kumar\\Desktop\\Ethereum Deposit Tracker\\backend\\index.js:189:56)\n    at process.processTicksAndRejections (node:internal/process/task_queues:95:5)"}
{"level":"error","message":"Error polling for deposits: infuraProvider.getBlockWithTransactions is not a function","stack":"TypeError: infuraProvider.getBlockWithTransactions is not a function\n    at Timeout._onTimeout (C:\\Users\\kumar\\Desktop\\Ethereum Deposit Tracker\\backend\\index.js:189:56)\n    at process.processTicksAndRejections (node:internal/process/task_queues:95:5)"}
{"level":"error","message":"Error polling for deposits: infuraProvider.getBlockWithTransactions is not a function","stack":"TypeError: infuraProvider.getBlockWithTransactions is not a function\n    at Timeout._onTimeout (C:\\Users\\kumar\\Desktop\\Ethereum Deposit Tracker\\backend\\index.js:189:56)\n    at process.processTicksAndRejections (node:internal/process/task_queues:95:5)"}
{"level":"info","message":"Server started on port 5000"}
{"level":"warn","message":"No deposits found in the database."}
{"level":"error","message":"Error polling for deposits: infuraProvider.getBlockWithTransactions is not a function","stack":"TypeError: infuraProvider.getBlockWithTransactions is not a function\n    at Timeout._onTimeout (C:\\Users\\kumar\\Desktop\\Ethereum Deposit Tracker\\backend\\index.js:232:56)\n    at process.processTicksAndRejections (node:internal/process/task_queues:95:5)"}
{"level":"warn","message":"No deposits found in the database."}
{"level":"error","message":"Error polling for deposits: infuraProvider.getBlockWithTransactions is not a function","stack":"TypeError: infuraProvider.getBlockWithTransactions is not a function\n    at Timeout._onTimeout (C:\\Users\\kumar\\Desktop\\Ethereum Deposit Tracker\\backend\\index.js:232:56)\n    at process.processTicksAndRejections (node:internal/process/task_queues:95:5)"}
{"level":"error","message":"Error polling for deposits: infuraProvider.getBlockWithTransactions is not a function","stack":"TypeError: infuraProvider.getBlockWithTransactions is not a function\n    at Timeout._onTimeout (C:\\Users\\kumar\\Desktop\\Ethereum Deposit Tracker\\backend\\index.js:232:56)\n    at process.processTicksAndRejections (node:internal/process/task_queues:95:5)"}
{"level":"error","message":"Error polling for deposits: infuraProvider.getBlockWithTransactions is not a function","stack":"TypeError: infuraProvider.getBlockWithTransactions is not a function\n    at Timeout._onTimeout (C:\\Users\\kumar\\Desktop\\Ethereum Deposit Tracker\\backend\\index.js:232:56)\n    at process.processTicksAndRejections (node:internal/process/task_queues:95:5)"}
{"level":"error","message":"Error polling for deposits: infuraProvider.getBlockWithTransactions is not a function","stack":"TypeError: infuraProvider.getBlockWithTransactions is not a function\n    at Timeout._onTimeout (C:\\Users\\kumar\\Desktop\\Ethereum Deposit Tracker\\backend\\index.js:232:56)\n    at process.processTicksAndRejections (node:internal/process/task_queues:95:5)"}
{"level":"error","message":"Error polling for deposits: infuraProvider.getBlockWithTransactions is not a function","stack":"TypeError: infuraProvider.getBlockWithTransactions is not a function\n    at Timeout._onTimeout (C:\\Users\\kumar\\Desktop\\Ethereum Deposit Tracker\\backend\\index.js:232:56)\n    at process.processTicksAndRejections (node:internal/process/task_queues:95:5)"}
{"level":"error","message":"Error polling for deposits: infuraProvider.getBlockWithTransactions is not a function","stack":"TypeError: infuraProvider.getBlockWithTransactions is not a function\n    at Timeout._onTimeout (C:\\Users\\kumar\\Desktop\\Ethereum Deposit Tracker\\backend\\index.js:232:56)\n    at process.processTicksAndRejections (node:internal/process/task_queues:95:5)"}
{"level":"info","message":"Server started on port 5000"}
{"level":"warn","message":"No deposits found in the database."}
{"level":"error","message":"Error polling for deposits: infuraProvider.getBlockWithTransactions is not a function","stack":"TypeError: infuraProvider.getBlockWithTransactions is not a function\n    at Timeout._onTimeout (C:\\Users\\kumar\\Desktop\\Ethereum Deposit Tracker\\backend\\index.js:232:56)\n    at process.processTicksAndRejections (node:internal/process/task_queues:95:5)"}
{"level":"error","message":"Error polling for deposits: infuraProvider.getBlockWithTransactions is not a function","stack":"TypeError: infuraProvider.getBlockWithTransactions is not a function\n    at Timeout._onTimeout (C:\\Users\\kumar\\Desktop\\Ethereum Deposit Tracker\\backend\\index.js:232:56)\n    at process.processTicksAndRejections (node:internal/process/task_queues:95:5)"}
{"level":"error","message":"Error polling for deposits: infuraProvider.getBlockWithTransactions is not a function","stack":"TypeError: infuraProvider.getBlockWithTransactions is not a function\n    at Timeout._onTimeout (C:\\Users\\kumar\\Desktop\\Ethereum Deposit Tracker\\backend\\index.js:232:56)\n    at process.processTicksAndRejections (node:internal/process/task_queues:95:5)"}
{"level":"error","message":"Error polling for deposits: infuraProvider.getBlockWithTransactions is not a function","stack":"TypeError: infuraProvider.getBlockWithTransactions is not a function\n    at Timeout._onTimeout (C:\\Users\\kumar\\Desktop\\Ethereum Deposit Tracker\\backend\\index.js:232:56)\n    at process.processTicksAndRejections (node:internal/process/task_queues:95:5)"}
{"level":"error","message":"Error polling for deposits: infuraProvider.getBlockWithTransactions is not a function","stack":"TypeError: infuraProvider.getBlockWithTransactions is not a function\n    at Timeout._onTimeout (C:\\Users\\kumar\\Desktop\\Ethereum Deposit Tracker\\backend\\index.js:232:56)\n    at process.processTicksAndRejections (node:internal/process/task_queues:95:5)"}
{"level":"error","message":"Error polling for deposits: infuraProvider.getBlockWithTransactions is not a function","stack":"TypeError: infuraProvider.getBlockWithTransactions is not a function\n    at Timeout._onTimeout (C:\\Users\\kumar\\Desktop\\Ethereum Deposit Tracker\\backend\\index.js:232:56)\n    at process.processTicksAndRejections (node:internal/process/task_queues:95:5)"}
{"level":"error","message":"Error polling for deposits: infuraProvider.getBlockWithTransactions is not a function","stack":"TypeError: infuraProvider.getBlockWithTransactions is not a function\n    at Timeout._onTimeout (C:\\Users\\kumar\\Desktop\\Ethereum Deposit Tracker\\backend\\index.js:232:56)\n    at process.processTicksAndRejections (node:internal/process/task_queues:95:5)"}
{"level":"error","message":"Error polling for deposits: infuraProvider.getBlockWithTransactions is not a function","stack":"TypeError: infuraProvider.getBlockWithTransactions is not a function\n    at Timeout._onTimeout (C:\\Users\\kumar\\Desktop\\Ethereum Deposit Tracker\\backend\\index.js:232:56)\n    at process.processTicksAndRejections (node:internal/process/task_queues:95:5)"}
{"level":"error","message":"Error polling for deposits: infuraProvider.getBlockWithTransactions is not a function","stack":"TypeError: infuraProvider.getBlockWithTransactions is not a function\n    at Timeout._onTimeout (C:\\Users\\kumar\\Desktop\\Ethereum Deposit Tracker\\backend\\index.js:232:56)\n    at process.processTicksAndRejections (node:internal/process/task_queues:95:5)"}
{"level":"error","message":"Error polling for deposits: infuraProvider.getBlockWithTransactions is not a function","stack":"TypeError: infuraProvider.getBlockWithTransactions is not a function\n    at Timeout._onTimeout (C:\\Users\\kumar\\Desktop\\Ethereum Deposit Tracker\\backend\\index.js:232:56)\n    at process.processTicksAndRejections (node:internal/process/task_queues:95:5)"}
{"level":"error","message":"Error polling for deposits: infuraProvider.getBlockWithTransactions is not a function","stack":"TypeError: infuraProvider.getBlockWithTransactions is not a function\n    at Timeout._onTimeout (C:\\Users\\kumar\\Desktop\\Ethereum Deposit Tracker\\backend\\index.js:232:56)\n    at process.processTicksAndRejections (node:internal/process/task_queues:95:5)"}
{"level":"error","message":"Error polling for deposits: infuraProvider.getBlockWithTransactions is not a function","stack":"TypeError: infuraProvider.getBlockWithTransactions is not a function\n    at Timeout._onTimeout (C:\\Users\\kumar\\Desktop\\Ethereum Deposit Tracker\\backend\\index.js:232:56)\n    at process.processTicksAndRejections (node:internal/process/task_queues:95:5)"}
{"level":"info","message":"Server started on port 5000"}
{"level":"warn","message":"No deposits found in the database."}
{"code":"ECONNRESET","errno":-4077,"level":"error","message":"Error polling for deposits: read ECONNRESET","stack":"Error: read ECONNRESET\n    at TLSWrap.onStreamRead (node:internal/stream_base_commons:217:20)","syscall":"read"}
{"code":"CERT_HAS_EXPIRED","level":"error","message":"Error polling for deposits: certificate has expired","stack":"Error: certificate has expired\n    at TLSSocket.onConnectSecure (node:_tls_wrap:1674:34)\n    at TLSSocket.emit (node:events:518:28)\n    at TLSSocket._finishInit (node:_tls_wrap:1085:8)\n    at ssl.onhandshakedone (node:_tls_wrap:871:12)"}
{"code":"CERT_HAS_EXPIRED","level":"error","message":"Error polling for deposits: certificate has expired","stack":"Error: certificate has expired\n    at TLSSocket.onConnectSecure (node:_tls_wrap:1674:34)\n    at TLSSocket.emit (node:events:518:28)\n    at TLSSocket._finishInit (node:_tls_wrap:1085:8)\n    at ssl.onhandshakedone (node:_tls_wrap:871:12)"}
{"code":"CERT_HAS_EXPIRED","level":"error","message":"Error polling for deposits: certificate has expired","stack":"Error: certificate has expired\n    at TLSSocket.onConnectSecure (node:_tls_wrap:1674:34)\n    at TLSSocket.emit (node:events:518:28)\n    at TLSSocket._finishInit (node:_tls_wrap:1085:8)\n    at ssl.onhandshakedone (node:_tls_wrap:871:12)"}
